<?xml version="1.0" encoding="UTF-8"?>
<testng-results ignored="0" total="1" passed="1" failed="0" skipped="0">
  <reporter-output>
  </reporter-output>
  <suite started-at="2022-06-21T23:11:02 CST" name="All Test Suite" finished-at="2022-06-21T23:11:04 CST" duration-ms="1381">
    <groups>
    </groups>
    <test started-at="2022-06-21T23:11:02 CST" name="D:/code_workspace/JavaProject" finished-at="2022-06-21T23:11:04 CST" duration-ms="1381">
      <class name="AllureDemo">
        <test-method signature="failedTest()[pri:0, instance:AllureDemo@30af7377]" started-at="2022-06-21T23:11:03 CST" name="failedTest" description="侯征测试" finished-at="2022-06-21T23:11:03 CST" duration-ms="706" status="PASS">
          <reporter-output>
          </reporter-output>
        </test-method> <!-- failedTest -->
      </class> <!-- AllureDemo -->
    </test> <!-- D:/code_workspace/JavaProject -->
  </suite> <!-- All Test Suite -->
</testng-results>
